This file contains any messages produced by compilers while
running configure, to aid debugging if configure makes a mistake.

It was created by libndpi configure 2.5.0, which was
generated by GNU Autoconf 2.69.  Invocation command line was

  $ ./configure 

## --------- ##
## Platform. ##
## --------- ##

hostname = jiang-LNU
uname -m = x86_64
uname -r = 4.10.0-28-generic
uname -s = Linux
uname -v = #32~16.04.2-Ubuntu SMP Thu Jul 20 10:19:48 UTC 2017

/usr/bin/uname -p = unknown
/bin/uname -X     = unknown

/bin/arch              = unknown
/usr/bin/arch -k       = unknown
/usr/convex/getsysinfo = unknown
/usr/bin/hostinfo      = unknown
/bin/machine           = unknown
/usr/bin/oslevel       = unknown
/bin/universe          = unknown

PATH: /home/jiang/bin
PATH: /home/jiang/.local/bin
PATH: /usr/local/sbin
PATH: /usr/local/bin
PATH: /usr/sbin
PATH: /usr/bin
PATH: /sbin
PATH: /bin
PATH: /usr/games
PATH: /usr/local/games
PATH: /snap/bin


## ----------- ##
## Core tests. ##
## ----------- ##

configure:2288: checking for a BSD-compatible install
configure:2356: result: /usr/bin/install -c
configure:2367: checking whether build environment is sane
configure:2422: result: yes
configure:2573: checking for a thread-safe mkdir -p
configure:2612: result: /bin/mkdir -p
configure:2619: checking for gawk
configure:2649: result: no
configure:2619: checking for mawk
configure:2635: found /usr/bin/mawk
configure:2646: result: mawk
configure:2657: checking whether make sets $(MAKE)
configure:2679: result: yes
configure:2708: checking whether make supports nested variables
configure:2725: result: yes
configure:2881: checking build system type
configure:2895: result: x86_64-pc-linux-gnu
configure:2915: checking host system type
configure:2928: result: x86_64-pc-linux-gnu
configure:2969: checking how to print strings
configure:2996: result: printf
configure:3029: checking for style of include used by make
configure:3057: result: GNU
configure:3128: checking for gcc
configure:3144: found /usr/bin/gcc
configure:3155: result: gcc
configure:3384: checking for C compiler version
configure:3393: gcc --version >&5
gcc (Ubuntu 5.4.0-6ubuntu1~16.04.10) 5.4.0 20160609
Copyright (C) 2015 Free Software Foundation, Inc.
This is free software; see the source for copying conditions.  There is NO
warranty; not even for MERCHANTABILITY or FITNESS FOR A PARTICULAR PURPOSE.

configure:3404: $? = 0
configure:3393: gcc -v >&5
Using built-in specs.
COLLECT_GCC=gcc
COLLECT_LTO_WRAPPER=/usr/lib/gcc/x86_64-linux-gnu/5/lto-wrapper
Target: x86_64-linux-gnu
Configured with: ../src/configure -v --with-pkgversion='Ubuntu 5.4.0-6ubuntu1~16.04.10' --with-bugurl=file:///usr/share/doc/gcc-5/README.Bugs --enable-languages=c,ada,c++,java,go,d,fortran,objc,obj-c++ --prefix=/usr --program-suffix=-5 --enable-shared --enable-linker-build-id --libexecdir=/usr/lib --without-included-gettext --enable-threads=posix --libdir=/usr/lib --enable-nls --with-sysroot=/ --enable-clocale=gnu --enable-libstdcxx-debug --enable-libstdcxx-time=yes --with-default-libstdcxx-abi=new --enable-gnu-unique-object --disable-vtable-verify --enable-libmpx --enable-plugin --with-system-zlib --disable-browser-plugin --enable-java-awt=gtk --enable-gtk-cairo --with-java-home=/usr/lib/jvm/java-1.5.0-gcj-5-amd64/jre --enable-java-home --with-jvm-root-dir=/usr/lib/jvm/java-1.5.0-gcj-5-amd64 --with-jvm-jar-dir=/usr/lib/jvm-exports/java-1.5.0-gcj-5-amd64 --with-arch-directory=amd64 --with-ecj-jar=/usr/share/java/eclipse-ecj.jar --enable-objc-gc --enable-multiarch --disable-werror --with-arch-32=i686 --with-abi=m64 --with-multilib-list=m32,m64,mx32 --enable-multilib --with-tune=generic --enable-checking=release --build=x86_64-linux-gnu --host=x86_64-linux-gnu --target=x86_64-linux-gnu
Thread model: posix
gcc version 5.4.0 20160609 (Ubuntu 5.4.0-6ubuntu1~16.04.10) 
configure:3404: $? = 0
configure:3393: gcc -V >&5
gcc: error: unrecognized command line option '-V'
gcc: fatal error: no input files
compilation terminated.
configure:3404: $? = 1
configure:3393: gcc -qversion >&5
gcc: error: unrecognized command line option '-qversion'
gcc: fatal error: no input files
compilation terminated.
configure:3404: $? = 1
configure:3424: checking whether the C compiler works
configure:3446: gcc    conftest.c  >&5
configure:3450: $? = 0
configure:3498: result: yes
configure:3501: checking for C compiler default output file name
configure:3503: result: a.out
configure:3509: checking for suffix of executables
configure:3516: gcc -o conftest    conftest.c  >&5
configure:3520: $? = 0
configure:3542: result: 
configure:3564: checking whether we are cross compiling
configure:3572: gcc -o conftest    conftest.c  >&5
configure:3576: $? = 0
configure:3583: ./conftest
configure:3587: $? = 0
configure:3602: result: no
configure:3607: checking for suffix of object files
configure:3629: gcc -c   conftest.c >&5
configure:3633: $? = 0
configure:3654: result: o
configure:3658: checking whether we are using the GNU C compiler
configure:3677: gcc -c   conftest.c >&5
configure:3677: $? = 0
configure:3686: result: yes
configure:3695: checking whether gcc accepts -g
configure:3715: gcc -c -g  conftest.c >&5
configure:3715: $? = 0
configure:3756: result: yes
configure:3773: checking for gcc option to accept ISO C89
configure:3836: gcc  -c -g -O2  conftest.c >&5
configure:3836: $? = 0
configure:3849: result: none needed
configure:3874: checking whether gcc understands -c and -o together
configure:3896: gcc -c conftest.c -o conftest2.o
configure:3899: $? = 0
configure:3896: gcc -c conftest.c -o conftest2.o
configure:3899: $? = 0
configure:3911: result: yes
configure:3930: checking dependency style of gcc
configure:4041: result: none
configure:4056: checking for a sed that does not truncate output
configure:4120: result: /bin/sed
configure:4138: checking for grep that handles long lines and -e
configure:4196: result: /bin/grep
configure:4201: checking for egrep
configure:4263: result: /bin/grep -E
configure:4268: checking for fgrep
configure:4330: result: /bin/grep -F
configure:4365: checking for ld used by gcc
configure:4432: result: /usr/bin/ld
configure:4439: checking if the linker (/usr/bin/ld) is GNU ld
configure:4454: result: yes
configure:4466: checking for BSD- or MS-compatible name lister (nm)
configure:4520: result: /usr/bin/nm -B
configure:4650: checking the name lister (/usr/bin/nm -B) interface
configure:4657: gcc -c -g -O2  conftest.c >&5
configure:4660: /usr/bin/nm -B "conftest.o"
configure:4663: output
0000000000000000 B some_variable
configure:4670: result: BSD nm
configure:4673: checking whether ln -s works
configure:4677: result: yes
configure:4685: checking the maximum length of command line arguments
configure:4816: result: 1572864
configure:4864: checking how to convert x86_64-pc-linux-gnu file names to x86_64-pc-linux-gnu format
configure:4904: result: func_convert_file_noop
configure:4911: checking how to convert x86_64-pc-linux-gnu file names to toolchain format
configure:4931: result: func_convert_file_noop
configure:4938: checking for /usr/bin/ld option to reload object files
configure:4945: result: -r
configure:5019: checking for objdump
configure:5035: found /usr/bin/objdump
configure:5046: result: objdump
configure:5078: checking how to recognize dependent libraries
configure:5278: result: pass_all
configure:5363: checking for dlltool
configure:5393: result: no
configure:5423: checking how to associate runtime and link libraries
configure:5450: result: printf %s\n
configure:5511: checking for ar
configure:5527: found /usr/bin/ar
configure:5538: result: ar
configure:5575: checking for archiver @FILE support
configure:5592: gcc -c -g -O2  conftest.c >&5
configure:5592: $? = 0
configure:5595: ar cru libconftest.a @conftest.lst >&5
ar: `u' modifier ignored since `D' is the default (see `U')
configure:5598: $? = 0
configure:5603: ar cru libconftest.a @conftest.lst >&5
ar: `u' modifier ignored since `D' is the default (see `U')
ar: conftest.o: No such file or directory
configure:5606: $? = 1
configure:5618: result: @
configure:5676: checking for strip
configure:5692: found /usr/bin/strip
configure:5703: result: strip
configure:5775: checking for ranlib
configure:5791: found /usr/bin/ranlib
configure:5802: result: ranlib
configure:5904: checking command to parse /usr/bin/nm -B output from gcc object
configure:6057: gcc -c -g -O2  conftest.c >&5
configure:6060: $? = 0
configure:6064: /usr/bin/nm -B conftest.o \| sed -n -e 's/^.*[ ]\([ABCDGIRSTW][ABCDGIRSTW]*\)[ ][ ]*\([_A-Za-z][_A-Za-z0-9]*\)$/\1 \2 \2/p' | sed '/ __gnu_lto/d' \> conftest.nm
configure:6067: $? = 0
configure:6133: gcc -o conftest -g -O2   conftest.c conftstm.o >&5
configure:6136: $? = 0
configure:6174: result: ok
configure:6221: checking for sysroot
configure:6251: result: no
configure:6258: checking for a working dd
configure:6296: result: /bin/dd
configure:6300: checking how to truncate binary pipes
configure:6315: result: /bin/dd bs=4096 count=1
configure:6451: gcc -c -g -O2  conftest.c >&5
configure:6454: $? = 0
configure:6644: checking for mt
configure:6660: found /bin/mt
configure:6671: result: mt
configure:6694: checking if mt is a manifest tool
configure:6700: mt '-?'
configure:6708: result: no
configure:7385: checking how to run the C preprocessor
configure:7416: gcc -E  conftest.c
configure:7416: $? = 0
configure:7430: gcc -E  conftest.c
conftest.c:11:28: fatal error: ac_nonexistent.h: No such file or directory
compilation terminated.
configure:7430: $? = 1
configure: failed program was:
| /* confdefs.h */
| #define NDPI_PACKAGE_NAME "libndpi"
| #define NDPI_PACKAGE_TARNAME "libndpi"
| #define NDPI_PACKAGE_VERSION "2.5.0"
| #define NDPI_PACKAGE_STRING "libndpi 2.5.0"
| #define NDPI_PACKAGE_BUGREPORT ""
| #define NDPI_PACKAGE_URL ""
| #define NDPI_PACKAGE "libndpi"
| #define NDPI_VERSION "2.5.0"
| /* end confdefs.h.  */
| #include <ac_nonexistent.h>
configure:7455: result: gcc -E
configure:7475: gcc -E  conftest.c
configure:7475: $? = 0
configure:7489: gcc -E  conftest.c
conftest.c:11:28: fatal error: ac_nonexistent.h: No such file or directory
compilation terminated.
configure:7489: $? = 1
configure: failed program was:
| /* confdefs.h */
| #define NDPI_PACKAGE_NAME "libndpi"
| #define NDPI_PACKAGE_TARNAME "libndpi"
| #define NDPI_PACKAGE_VERSION "2.5.0"
| #define NDPI_PACKAGE_STRING "libndpi 2.5.0"
| #define NDPI_PACKAGE_BUGREPORT ""
| #define NDPI_PACKAGE_URL ""
| #define NDPI_PACKAGE "libndpi"
| #define NDPI_VERSION "2.5.0"
| /* end confdefs.h.  */
| #include <ac_nonexistent.h>
configure:7518: checking for ANSI C header files
configure:7538: gcc -c -g -O2  conftest.c >&5
configure:7538: $? = 0
configure:7611: gcc -o conftest -g -O2   conftest.c  >&5
configure:7611: $? = 0
configure:7611: ./conftest
configure:7611: $? = 0
configure:7622: result: yes
configure:7635: checking for sys/types.h
configure:7635: gcc -c -g -O2  conftest.c >&5
configure:7635: $? = 0
configure:7635: result: yes
configure:7635: checking for sys/stat.h
configure:7635: gcc -c -g -O2  conftest.c >&5
configure:7635: $? = 0
configure:7635: result: yes
configure:7635: checking for stdlib.h
configure:7635: gcc -c -g -O2  conftest.c >&5
configure:7635: $? = 0
configure:7635: result: yes
configure:7635: checking for string.h
configure:7635: gcc -c -g -O2  conftest.c >&5
configure:7635: $? = 0
configure:7635: result: yes
configure:7635: checking for memory.h
configure:7635: gcc -c -g -O2  conftest.c >&5
configure:7635: $? = 0
configure:7635: result: yes
configure:7635: checking for strings.h
configure:7635: gcc -c -g -O2  conftest.c >&5
configure:7635: $? = 0
configure:7635: result: yes
configure:7635: checking for inttypes.h
configure:7635: gcc -c -g -O2  conftest.c >&5
configure:7635: $? = 0
configure:7635: result: yes
configure:7635: checking for stdint.h
configure:7635: gcc -c -g -O2  conftest.c >&5
configure:7635: $? = 0
configure:7635: result: yes
configure:7635: checking for unistd.h
configure:7635: gcc -c -g -O2  conftest.c >&5
configure:7635: $? = 0
configure:7635: result: yes
configure:7649: checking for dlfcn.h
configure:7649: gcc -c -g -O2  conftest.c >&5
configure:7649: $? = 0
configure:7649: result: yes
configure:7905: checking for objdir
configure:7920: result: .libs
configure:8184: checking if gcc supports -fno-rtti -fno-exceptions
configure:8202: gcc -c -g -O2  -fno-rtti -fno-exceptions conftest.c >&5
cc1: warning: command line option '-fno-rtti' is valid for C++/ObjC++ but not for C
configure:8206: $? = 0
configure:8219: result: no
configure:8577: checking for gcc option to produce PIC
configure:8584: result: -fPIC -DPIC
configure:8592: checking if gcc PIC flag -fPIC -DPIC works
configure:8610: gcc -c -g -O2  -fPIC -DPIC -DPIC conftest.c >&5
configure:8614: $? = 0
configure:8627: result: yes
configure:8656: checking if gcc static flag -static works
configure:8684: result: yes
configure:8699: checking if gcc supports -c -o file.o
configure:8720: gcc -c -g -O2  -o out/conftest2.o conftest.c >&5
configure:8724: $? = 0
configure:8746: result: yes
configure:8754: checking if gcc supports -c -o file.o
configure:8801: result: yes
configure:8834: checking whether the gcc linker (/usr/bin/ld -m elf_x86_64) supports shared libraries
configure:10097: result: yes
configure:10134: checking whether -lc should be explicitly linked in
configure:10142: gcc -c -g -O2  conftest.c >&5
configure:10145: $? = 0
configure:10160: gcc -shared  -fPIC -DPIC conftest.o  -v -Wl,-soname -Wl,conftest -o conftest 2\>\&1 \| /bin/grep  -lc  \>/dev/null 2\>\&1
configure:10163: $? = 0
configure:10177: result: no
configure:10337: checking dynamic linker characteristics
configure:10918: gcc -o conftest -g -O2   -Wl,-rpath -Wl,/foo conftest.c  >&5
configure:10918: $? = 0
configure:11167: result: GNU/Linux ld.so
configure:11289: checking how to hardcode library paths into programs
configure:11314: result: immediate
configure:11862: checking whether stripping libraries is possible
configure:11867: result: yes
configure:11902: checking if libtool supports shared libraries
configure:11904: result: yes
configure:11907: checking whether to build shared libraries
configure:11932: result: yes
configure:11935: checking whether to build static libraries
configure:11939: result: yes
configure:12025: checking for gcc
configure:12052: result: gcc
configure:12281: checking for C compiler version
configure:12290: gcc --version >&5
gcc (Ubuntu 5.4.0-6ubuntu1~16.04.10) 5.4.0 20160609
Copyright (C) 2015 Free Software Foundation, Inc.
This is free software; see the source for copying conditions.  There is NO
warranty; not even for MERCHANTABILITY or FITNESS FOR A PARTICULAR PURPOSE.

configure:12301: $? = 0
configure:12290: gcc -v >&5
Using built-in specs.
COLLECT_GCC=gcc
COLLECT_LTO_WRAPPER=/usr/lib/gcc/x86_64-linux-gnu/5/lto-wrapper
Target: x86_64-linux-gnu
Configured with: ../src/configure -v --with-pkgversion='Ubuntu 5.4.0-6ubuntu1~16.04.10' --with-bugurl=file:///usr/share/doc/gcc-5/README.Bugs --enable-languages=c,ada,c++,java,go,d,fortran,objc,obj-c++ --prefix=/usr --program-suffix=-5 --enable-shared --enable-linker-build-id --libexecdir=/usr/lib --without-included-gettext --enable-threads=posix --libdir=/usr/lib --enable-nls --with-sysroot=/ --enable-clocale=gnu --enable-libstdcxx-debug --enable-libstdcxx-time=yes --with-default-libstdcxx-abi=new --enable-gnu-unique-object --disable-vtable-verify --enable-libmpx --enable-plugin --with-system-zlib --disable-browser-plugin --enable-java-awt=gtk --enable-gtk-cairo --with-java-home=/usr/lib/jvm/java-1.5.0-gcj-5-amd64/jre --enable-java-home --with-jvm-root-dir=/usr/lib/jvm/java-1.5.0-gcj-5-amd64 --with-jvm-jar-dir=/usr/lib/jvm-exports/java-1.5.0-gcj-5-amd64 --with-arch-directory=amd64 --with-ecj-jar=/usr/share/java/eclipse-ecj.jar --enable-objc-gc --enable-multiarch --disable-werror --with-arch-32=i686 --with-abi=m64 --with-multilib-list=m32,m64,mx32 --enable-multilib --with-tune=generic --enable-checking=release --build=x86_64-linux-gnu --host=x86_64-linux-gnu --target=x86_64-linux-gnu
Thread model: posix
gcc version 5.4.0 20160609 (Ubuntu 5.4.0-6ubuntu1~16.04.10) 
configure:12301: $? = 0
configure:12290: gcc -V >&5
gcc: error: unrecognized command line option '-V'
gcc: fatal error: no input files
compilation terminated.
configure:12301: $? = 1
configure:12290: gcc -qversion >&5
gcc: error: unrecognized command line option '-qversion'
gcc: fatal error: no input files
compilation terminated.
configure:12301: $? = 1
configure:12305: checking whether we are using the GNU C compiler
configure:12333: result: yes
configure:12342: checking whether gcc accepts -g
configure:12403: result: yes
configure:12420: checking for gcc option to accept ISO C89
configure:12496: result: none needed
configure:12521: checking whether gcc understands -c and -o together
configure:12558: result: yes
configure:12577: checking dependency style of gcc
configure:12688: result: none
configure:12887: checking whether gcc is Clang
configure:12912: result: no
configure:13035: checking whether pthreads work with -pthread
configure:13129: gcc -o conftest -g -O2 -pthread   conftest.c   >&5
configure:13129: $? = 0
configure:13138: result: yes
configure:13157: checking for joinable pthread attribute
configure:13175: gcc -o conftest -g -O2 -pthread   conftest.c   >&5
configure:13175: $? = 0
configure:13183: result: PTHREAD_CREATE_JOINABLE
configure:13197: checking whether more special flags are required for pthreads
configure:13210: result: no
configure:13218: checking for PTHREAD_PRIO_INHERIT
configure:13234: gcc -o conftest -g -O2 -pthread   conftest.c   >&5
configure:13234: $? = 0
configure:13243: result: yes
configure:13395: checking netinet/in.h usability
configure:13395: gcc -c -g -O2  conftest.c >&5
configure:13395: $? = 0
configure:13395: result: yes
configure:13395: checking netinet/in.h presence
configure:13395: gcc -E  conftest.c
configure:13395: $? = 0
configure:13395: result: yes
configure:13395: checking for netinet/in.h
configure:13395: result: yes
configure:13395: checking for stdint.h
configure:13395: result: yes
configure:13395: checking for stdlib.h
configure:13395: result: yes
configure:13395: checking for string.h
configure:13395: result: yes
configure:13395: checking for unistd.h
configure:13395: result: yes
configure:13417: checking for numa_available in -lnuma
configure:13442: gcc -o conftest -g -O2   conftest.c -lnuma   >&5
/usr/bin/ld: cannot find -lnuma
collect2: error: ld returned 1 exit status
configure:13442: $? = 1
configure: failed program was:
| /* confdefs.h */
| #define NDPI_PACKAGE_NAME "libndpi"
| #define NDPI_PACKAGE_TARNAME "libndpi"
| #define NDPI_PACKAGE_VERSION "2.5.0"
| #define NDPI_PACKAGE_STRING "libndpi 2.5.0"
| #define NDPI_PACKAGE_BUGREPORT ""
| #define NDPI_PACKAGE_URL ""
| #define NDPI_PACKAGE "libndpi"
| #define NDPI_VERSION "2.5.0"
| #define STDC_HEADERS 1
| #define HAVE_SYS_TYPES_H 1
| #define HAVE_SYS_STAT_H 1
| #define HAVE_STDLIB_H 1
| #define HAVE_STRING_H 1
| #define HAVE_MEMORY_H 1
| #define HAVE_STRINGS_H 1
| #define HAVE_INTTYPES_H 1
| #define HAVE_STDINT_H 1
| #define HAVE_UNISTD_H 1
| #define HAVE_DLFCN_H 1
| #define LT_OBJDIR ".libs/"
| #define HAVE_PTHREAD_PRIO_INHERIT 1
| #define HAVE_PTHREAD 1
| #define NDPI_MAJOR_RELEASE "2"
| #define NDPI_MINOR_RELEASE "5"
| #define NDPI_PATCH_LEVEL "0"
| #define NDPI_GIT_RELEASE "2.5.0-1344-d7478c6"
| #define NDPI_GIT_DATE "Tue Oct 16 11:01:41 2018 +0200"
| #define HAVE_NETINET_IN_H 1
| #define HAVE_STDINT_H 1
| #define HAVE_STDLIB_H 1
| #define HAVE_STRING_H 1
| #define HAVE_UNISTD_H 1
| /* end confdefs.h.  */
| 
| /* Override any GCC internal prototype to avoid an error.
|    Use char because int might match the return type of a GCC
|    builtin and then its argument prototype would still apply.  */
| #ifdef __cplusplus
| extern "C"
| #endif
| char numa_available ();
| int
| main ()
| {
| return numa_available ();
|   ;
|   return 0;
| }
configure:13451: result: no
configure:13790: checking for pcap_open_live in -lpcap
configure:13815: gcc -o conftest -g -O2   conftest.c -lpcap   >&5
configure:13815: $? = 0
configure:13824: result: yes
configure:13926: checking for pthread_setaffinity_np in -lpthread
configure:13951: gcc -o conftest -g -O2   conftest.c -lpthread   >&5
configure:13951: $? = 0
configure:13960: result: yes
configure:14098: checking that generated files are newer than configure
configure:14104: result: done
configure:14131: creating ./config.status

## ---------------------- ##
## Running config.status. ##
## ---------------------- ##

This file was extended by libndpi config.status 2.5.0, which was
generated by GNU Autoconf 2.69.  Invocation command line was

  CONFIG_FILES    = 
  CONFIG_HEADERS  = 
  CONFIG_LINKS    = 
  CONFIG_COMMANDS = 
  $ ./config.status 

on jiang-LNU

config.status:1119: creating Makefile
config.status:1119: creating example/Makefile
config.status:1119: creating tests/Makefile
config.status:1119: creating libndpi.pc
config.status:1119: creating src/include/ndpi_define.h
config.status:1119: creating src/lib/Makefile
config.status:1119: creating src/include/ndpi_config.h
config.status:1300: src/include/ndpi_config.h is unchanged
config.status:1348: executing depfiles commands
config.status:1348: executing libtool commands

## ---------------- ##
## Cache variables. ##
## ---------------- ##

ac_cv_build=x86_64-pc-linux-gnu
ac_cv_c_compiler_gnu=yes
ac_cv_env_CC_set=
ac_cv_env_CC_value=
ac_cv_env_CFLAGS_set=
ac_cv_env_CFLAGS_value=
ac_cv_env_CPPFLAGS_set=
ac_cv_env_CPPFLAGS_value=
ac_cv_env_CPP_set=
ac_cv_env_CPP_value=
ac_cv_env_LDFLAGS_set=
ac_cv_env_LDFLAGS_value=
ac_cv_env_LIBS_set=
ac_cv_env_LIBS_value=
ac_cv_env_LT_SYS_LIBRARY_PATH_set=
ac_cv_env_LT_SYS_LIBRARY_PATH_value=
ac_cv_env_build_alias_set=
ac_cv_env_build_alias_value=
ac_cv_env_host_alias_set=
ac_cv_env_host_alias_value=
ac_cv_env_target_alias_set=
ac_cv_env_target_alias_value=
ac_cv_header_dlfcn_h=yes
ac_cv_header_inttypes_h=yes
ac_cv_header_memory_h=yes
ac_cv_header_netinet_in_h=yes
ac_cv_header_stdc=yes
ac_cv_header_stdint_h=yes
ac_cv_header_stdlib_h=yes
ac_cv_header_string_h=yes
ac_cv_header_strings_h=yes
ac_cv_header_sys_stat_h=yes
ac_cv_header_sys_types_h=yes
ac_cv_header_unistd_h=yes
ac_cv_host=x86_64-pc-linux-gnu
ac_cv_lib_numa_numa_available=no
ac_cv_lib_pcap_pcap_open_live=yes
ac_cv_lib_pthread_pthread_setaffinity_np=yes
ac_cv_objext=o
ac_cv_path_EGREP='/bin/grep -E'
ac_cv_path_FGREP='/bin/grep -F'
ac_cv_path_GREP=/bin/grep
ac_cv_path_SED=/bin/sed
ac_cv_path_install='/usr/bin/install -c'
ac_cv_path_lt_DD=/bin/dd
ac_cv_path_mkdir=/bin/mkdir
ac_cv_prog_AWK=mawk
ac_cv_prog_CPP='gcc -E'
ac_cv_prog_ac_ct_AR=ar
ac_cv_prog_ac_ct_CC=gcc
ac_cv_prog_ac_ct_MANIFEST_TOOL=mt
ac_cv_prog_ac_ct_OBJDUMP=objdump
ac_cv_prog_ac_ct_RANLIB=ranlib
ac_cv_prog_ac_ct_STRIP=strip
ac_cv_prog_cc_c89=
ac_cv_prog_cc_g=yes
ac_cv_prog_make_make_set=yes
am_cv_CC_dependencies_compiler_type=none
am_cv_make_support_nested_variables=yes
am_cv_prog_cc_c_o=yes
ax_cv_PTHREAD_CLANG=no
ax_cv_PTHREAD_JOINABLE_ATTR=PTHREAD_CREATE_JOINABLE
ax_cv_PTHREAD_PRIO_INHERIT=yes
ax_cv_PTHREAD_SPECIAL_FLAGS=no
lt_cv_ar_at_file=@
lt_cv_archive_cmds_need_lc=no
lt_cv_deplibs_check_method=pass_all
lt_cv_file_magic_cmd='$MAGIC_CMD'
lt_cv_file_magic_test_file=
lt_cv_ld_reload_flag=-r
lt_cv_nm_interface='BSD nm'
lt_cv_objdir=.libs
lt_cv_path_LD=/usr/bin/ld
lt_cv_path_NM='/usr/bin/nm -B'
lt_cv_path_mainfest_tool=no
lt_cv_prog_compiler_c_o=yes
lt_cv_prog_compiler_pic='-fPIC -DPIC'
lt_cv_prog_compiler_pic_works=yes
lt_cv_prog_compiler_rtti_exceptions=no
lt_cv_prog_compiler_static_works=yes
lt_cv_prog_gnu_ld=yes
lt_cv_sharedlib_from_linklib_cmd='printf %s\n'
lt_cv_shlibpath_overrides_runpath=no
lt_cv_sys_global_symbol_pipe='sed -n -e '\''s/^.*[	 ]\([ABCDGIRSTW][ABCDGIRSTW]*\)[	 ][	 ]*\([_A-Za-z][_A-Za-z0-9]*\)$/\1 \2 \2/p'\'' | sed '\''/ __gnu_lto/d'\'''
lt_cv_sys_global_symbol_to_c_name_address='sed -n -e '\''s/^: \(.*\) .*$/  {"\1", (void *) 0},/p'\'' -e '\''s/^[ABCDGIRSTW][ABCDGIRSTW]* .* \(.*\)$/  {"\1", (void *) \&\1},/p'\'''
lt_cv_sys_global_symbol_to_c_name_address_lib_prefix='sed -n -e '\''s/^: \(.*\) .*$/  {"\1", (void *) 0},/p'\'' -e '\''s/^[ABCDGIRSTW][ABCDGIRSTW]* .* \(lib.*\)$/  {"\1", (void *) \&\1},/p'\'' -e '\''s/^[ABCDGIRSTW][ABCDGIRSTW]* .* \(.*\)$/  {"lib\1", (void *) \&\1},/p'\'''
lt_cv_sys_global_symbol_to_cdecl='sed -n -e '\''s/^T .* \(.*\)$/extern int \1();/p'\'' -e '\''s/^[ABCDGIRSTW][ABCDGIRSTW]* .* \(.*\)$/extern char \1;/p'\'''
lt_cv_sys_global_symbol_to_import=
lt_cv_sys_max_cmd_len=1572864
lt_cv_to_host_file_cmd=func_convert_file_noop
lt_cv_to_tool_file_cmd=func_convert_file_noop
lt_cv_truncate_bin='/bin/dd bs=4096 count=1'

## ----------------- ##
## Output variables. ##
## ----------------- ##

ACLOCAL='${SHELL} /home/jiang/ntopng-3.6.1/nDPI/missing aclocal-1.15'
AMDEPBACKSLASH='\'
AMDEP_FALSE='#'
AMDEP_TRUE=''
AMTAR='$${TAR-tar}'
AM_BACKSLASH='\'
AM_DEFAULT_V='$(AM_DEFAULT_VERBOSITY)'
AM_DEFAULT_VERBOSITY='1'
AM_V='$(V)'
AR='ar'
AUTOCONF='${SHELL} /home/jiang/ntopng-3.6.1/nDPI/missing autoconf'
AUTOHEADER='${SHELL} /home/jiang/ntopng-3.6.1/nDPI/missing autoheader'
AUTOMAKE='${SHELL} /home/jiang/ntopng-3.6.1/nDPI/missing automake-1.15'
AWK='mawk'
CC='gcc'
CCDEPMODE='depmode=none'
CFLAGS='-g -O2'
CPP='gcc -E'
CPPFLAGS=''
CYGPATH_W='echo'
DEFS='-DHAVE_CONFIG_H'
DEPDIR='.deps'
DLLTOOL='false'
DL_LIB=''
DSYMUTIL=''
DUMPBIN=''
ECHO_C=''
ECHO_N='-n'
ECHO_T=''
EGREP='/bin/grep -E'
EXEEXT=''
FGREP='/bin/grep -F'
GIT_RELEASE='2.5.0-1344-d7478c6'
GREP='/bin/grep'
HAVE_PTHREAD_SETAFFINITY_NP=''
HS_INC=''
HS_LIB=''
INSTALL_DATA='${INSTALL} -m 644'
INSTALL_PROGRAM='${INSTALL}'
INSTALL_SCRIPT='${INSTALL}'
INSTALL_STRIP_PROGRAM='$(install_sh) -c -s'
JSON_C_LIB=''
LD='/usr/bin/ld -m elf_x86_64'
LDFLAGS=''
LIBOBJS=''
LIBS=''
LIBTOOL='$(SHELL) $(top_builddir)/libtool'
LIPO=''
LN_S='ln -s'
LTLIBOBJS=''
LT_SYS_LIBRARY_PATH=''
MAKEINFO='${SHELL} /home/jiang/ntopng-3.6.1/nDPI/missing makeinfo'
MANIFEST_TOOL=':'
MKDIR_P='/bin/mkdir -p'
NDPI_MAJOR='2'
NDPI_MINOR='5'
NDPI_PATCH='0'
NDPI_VERSION_SHORT='2.5.0'
NM='/usr/bin/nm -B'
NMEDIT=''
OBJDUMP='objdump'
OBJEXT='o'
OTOOL64=''
OTOOL=''
PACKAGE='libndpi'
PACKAGE_BUGREPORT=''
PACKAGE_NAME='libndpi'
PACKAGE_STRING='libndpi 2.5.0'
PACKAGE_TARNAME='libndpi'
PACKAGE_URL=''
PACKAGE_VERSION='2.5.0'
PATH_SEPARATOR=':'
PCAP_INC=''
PCAP_LIB='-lpcap'
PTHREAD_CC='gcc'
PTHREAD_CFLAGS='-pthread'
PTHREAD_LIBS=''
RANLIB='ranlib'
SED='/bin/sed'
SET_MAKE=''
SHELL='/bin/bash'
STRIP='strip'
SVN_DATE=''
VERSION='2.5.0'
ac_ct_AR='ar'
ac_ct_CC='gcc'
ac_ct_DUMPBIN=''
am__EXEEXT_FALSE=''
am__EXEEXT_TRUE='#'
am__fastdepCC_FALSE=''
am__fastdepCC_TRUE='#'
am__include='include'
am__isrc=''
am__leading_dot='.'
am__nodep='_no'
am__quote=''
am__tar='$${TAR-tar} chof - "$$tardir"'
am__untar='$${TAR-tar} xf -'
ax_pthread_config=''
bindir='${exec_prefix}/bin'
build='x86_64-pc-linux-gnu'
build_alias=''
build_cpu='x86_64'
build_os='linux-gnu'
build_vendor='pc'
datadir='${datarootdir}'
datarootdir='${prefix}/share'
docdir='${datarootdir}/doc/${PACKAGE_TARNAME}'
dvidir='${docdir}'
exec_prefix='${prefix}'
host='x86_64-pc-linux-gnu'
host_alias=''
host_cpu='x86_64'
host_os='linux-gnu'
host_vendor='pc'
htmldir='${docdir}'
includedir='${prefix}/include'
infodir='${datarootdir}/info'
install_sh='${SHELL} /home/jiang/ntopng-3.6.1/nDPI/install-sh'
libdir='${exec_prefix}/lib'
libexecdir='${exec_prefix}/libexec'
localedir='${datarootdir}/locale'
localstatedir='${prefix}/var'
mandir='${datarootdir}/man'
mkdir_p='$(MKDIR_P)'
oldincludedir='/usr/include'
pdfdir='${docdir}'
prefix='/usr/local'
program_transform_name='s,x,x,'
psdir='${docdir}'
runstatedir='${localstatedir}/run'
sbindir='${exec_prefix}/sbin'
sharedstatedir='${prefix}/com'
sysconfdir='${prefix}/etc'
target_alias=''

## ----------- ##
## confdefs.h. ##
## ----------- ##

/* confdefs.h */
#define NDPI_PACKAGE_NAME "libndpi"
#define NDPI_PACKAGE_TARNAME "libndpi"
#define NDPI_PACKAGE_VERSION "2.5.0"
#define NDPI_PACKAGE_STRING "libndpi 2.5.0"
#define NDPI_PACKAGE_BUGREPORT ""
#define NDPI_PACKAGE_URL ""
#define NDPI_PACKAGE "libndpi"
#define NDPI_VERSION "2.5.0"
#define STDC_HEADERS 1
#define HAVE_SYS_TYPES_H 1
#define HAVE_SYS_STAT_H 1
#define HAVE_STDLIB_H 1
#define HAVE_STRING_H 1
#define HAVE_MEMORY_H 1
#define HAVE_STRINGS_H 1
#define HAVE_INTTYPES_H 1
#define HAVE_STDINT_H 1
#define HAVE_UNISTD_H 1
#define HAVE_DLFCN_H 1
#define LT_OBJDIR ".libs/"
#define HAVE_PTHREAD_PRIO_INHERIT 1
#define HAVE_PTHREAD 1
#define NDPI_MAJOR_RELEASE "2"
#define NDPI_MINOR_RELEASE "5"
#define NDPI_PATCH_LEVEL "0"
#define NDPI_GIT_RELEASE "2.5.0-1344-d7478c6"
#define NDPI_GIT_DATE "Tue Oct 16 11:01:41 2018 +0200"
#define HAVE_NETINET_IN_H 1
#define HAVE_STDINT_H 1
#define HAVE_STDLIB_H 1
#define HAVE_STRING_H 1
#define HAVE_UNISTD_H 1
#define HAVE_PTHREAD_SETAFFINITY_NP 1

configure: exit 0
